E:\CODE\C++\OPENCV\VIDEOSERVICE - 副本\DEPS\LOG4CPLUS\LOG4CPLUS-1.1.3\MSVC10\DEBUG\ROOTLOGGER.OBJ
E:\CODE\C++\OPENCV\VIDEOSERVICE - 副本\DEPS\LOG4CPLUS\LOG4CPLUS-1.1.3\MSVC10\DEBUG\SYNCPRIMS.OBJ
E:\CODE\C++\OPENCV\VIDEOSERVICE - 副本\DEPS\LOG4CPLUS\LOG4CPLUS-1.1.3\MSVC10\DEBUG\THREADS.OBJ
E:\CODE\C++\OPENCV\VIDEOSERVICE - 副本\DEPS\LOG4CPLUS\LOG4CPLUS-1.1.3\MSVC10\DEBUG\TLS.OBJ
E:\CODE\C++\OPENCV\VIDEOSERVICE - 副本\DEPS\LOG4CPLUS\LOG4CPLUS-1.1.3\MSVC10\DEBUG\APPENDERATTACHABLEIMPL.OBJ
E:\CODE\C++\OPENCV\VIDEOSERVICE - 副本\DEPS\LOG4CPLUS\LOG4CPLUS-1.1.3\MSVC10\DEBUG\LOGLOG.OBJ
E:\CODE\C++\OPENCV\VIDEOSERVICE - 副本\DEPS\LOG4CPLUS\LOG4CPLUS-1.1.3\MSVC10\DEBUG\LOGLOGUSER.OBJ
E:\CODE\C++\OPENCV\VIDEOSERVICE - 副本\DEPS\LOG4CPLUS\LOG4CPLUS-1.1.3\MSVC10\DEBUG\POINTER.OBJ
E:\CODE\C++\OPENCV\VIDEOSERVICE - 副本\DEPS\LOG4CPLUS\LOG4CPLUS-1.1.3\MSVC10\DEBUG\PROPERTY.OBJ
E:\CODE\C++\OPENCV\VIDEOSERVICE - 副本\DEPS\LOG4CPLUS\LOG4CPLUS-1.1.3\MSVC10\DEBUG\QUEUE.OBJ
E:\CODE\C++\OPENCV\VIDEOSERVICE - 副本\DEPS\LOG4CPLUS\LOG4CPLUS-1.1.3\MSVC10\DEBUG\SLEEP.OBJ
E:\CODE\C++\OPENCV\VIDEOSERVICE - 副本\DEPS\LOG4CPLUS\LOG4CPLUS-1.1.3\MSVC10\DEBUG\SNPRINTF.OBJ
E:\CODE\C++\OPENCV\VIDEOSERVICE - 副本\DEPS\LOG4CPLUS\LOG4CPLUS-1.1.3\MSVC10\DEBUG\SOCKET-WIN32.OBJ
E:\CODE\C++\OPENCV\VIDEOSERVICE - 副本\DEPS\LOG4CPLUS\LOG4CPLUS-1.1.3\MSVC10\DEBUG\SOCKET.OBJ
E:\CODE\C++\OPENCV\VIDEOSERVICE - 副本\DEPS\LOG4CPLUS\LOG4CPLUS-1.1.3\MSVC10\DEBUG\SOCKETBUFFER.OBJ
E:\CODE\C++\OPENCV\VIDEOSERVICE - 副本\DEPS\LOG4CPLUS\LOG4CPLUS-1.1.3\MSVC10\DEBUG\STRINGHELPER-CLOCALE.OBJ
E:\CODE\C++\OPENCV\VIDEOSERVICE - 副本\DEPS\LOG4CPLUS\LOG4CPLUS-1.1.3\MSVC10\DEBUG\STRINGHELPER-CXXLOCALE.OBJ
E:\CODE\C++\OPENCV\VIDEOSERVICE - 副本\DEPS\LOG4CPLUS\LOG4CPLUS-1.1.3\MSVC10\DEBUG\STRINGHELPER-ICONV.OBJ
E:\CODE\C++\OPENCV\VIDEOSERVICE - 副本\DEPS\LOG4CPLUS\LOG4CPLUS-1.1.3\MSVC10\DEBUG\STRINGHELPER.OBJ
E:\CODE\C++\OPENCV\VIDEOSERVICE - 副本\DEPS\LOG4CPLUS\LOG4CPLUS-1.1.3\MSVC10\DEBUG\TIMEHELPER.OBJ
E:\CODE\C++\OPENCV\VIDEOSERVICE - 副本\DEPS\LOG4CPLUS\LOG4CPLUS-1.1.3\MSVC10\DEBUG\LOGGINGMACROS.OBJ
E:\CODE\C++\OPENCV\VIDEOSERVICE - 副本\DEPS\LOG4CPLUS\LOG4CPLUS-1.1.3\MSVC10\DEBUG\MDC.OBJ
E:\CODE\C++\OPENCV\VIDEOSERVICE - 副本\DEPS\LOG4CPLUS\LOG4CPLUS-1.1.3\MSVC10\DEBUG\NDC.OBJ
E:\CODE\C++\OPENCV\VIDEOSERVICE - 副本\DEPS\LOG4CPLUS\LOG4CPLUS-1.1.3\MSVC10\DEBUG\PATTERNLAYOUT.OBJ
E:\CODE\C++\OPENCV\VIDEOSERVICE - 副本\DEPS\LOG4CPLUS\LOG4CPLUS-1.1.3\MSVC10\DEBUG\VERSION.OBJ
E:\CODE\C++\OPENCV\VIDEOSERVICE - 副本\DEPS\LOG4CPLUS\LOG4CPLUS-1.1.3\MSVC10\DEBUG\ASYNCAPPENDER.OBJ
E:\CODE\C++\OPENCV\VIDEOSERVICE - 副本\DEPS\LOG4CPLUS\LOG4CPLUS-1.1.3\MSVC10\DEBUG\CONSOLEAPPENDER.OBJ
E:\CODE\C++\OPENCV\VIDEOSERVICE - 副本\DEPS\LOG4CPLUS\LOG4CPLUS-1.1.3\MSVC10\DEBUG\FILEAPPENDER.OBJ
E:\CODE\C++\OPENCV\VIDEOSERVICE - 副本\DEPS\LOG4CPLUS\LOG4CPLUS-1.1.3\MSVC10\DEBUG\NTEVENTLOGAPPENDER.OBJ
E:\CODE\C++\OPENCV\VIDEOSERVICE - 副本\DEPS\LOG4CPLUS\LOG4CPLUS-1.1.3\MSVC10\DEBUG\NULLAPPENDER.OBJ
E:\CODE\C++\OPENCV\VIDEOSERVICE - 副本\DEPS\LOG4CPLUS\LOG4CPLUS-1.1.3\MSVC10\DEBUG\SOCKETAPPENDER.OBJ
E:\CODE\C++\OPENCV\VIDEOSERVICE - 副本\DEPS\LOG4CPLUS\LOG4CPLUS-1.1.3\MSVC10\DEBUG\SYSLOGAPPENDER.OBJ
E:\CODE\C++\OPENCV\VIDEOSERVICE - 副本\DEPS\LOG4CPLUS\LOG4CPLUS-1.1.3\MSVC10\DEBUG\WIN32CONSOLEAPPENDER.OBJ
E:\CODE\C++\OPENCV\VIDEOSERVICE - 副本\DEPS\LOG4CPLUS\LOG4CPLUS-1.1.3\MSVC10\DEBUG\WIN32DEBUGAPPENDER.OBJ
E:\CODE\C++\OPENCV\VIDEOSERVICE - 副本\DEPS\LOG4CPLUS\LOG4CPLUS-1.1.3\MSVC10\DEBUG\ENV.OBJ
E:\CODE\C++\OPENCV\VIDEOSERVICE - 副本\DEPS\LOG4CPLUS\LOG4CPLUS-1.1.3\MSVC10\DEBUG\FACTORY.OBJ
E:\CODE\C++\OPENCV\VIDEOSERVICE - 副本\DEPS\LOG4CPLUS\LOG4CPLUS-1.1.3\MSVC10\DEBUG\FILTER.OBJ
E:\CODE\C++\OPENCV\VIDEOSERVICE - 副本\DEPS\LOG4CPLUS\LOG4CPLUS-1.1.3\MSVC10\DEBUG\LOGGERIMPL.OBJ
E:\CODE\C++\OPENCV\VIDEOSERVICE - 副本\DEPS\LOG4CPLUS\LOG4CPLUS-1.1.3\MSVC10\DEBUG\LOGLEVEL.OBJ
E:\CODE\C++\OPENCV\VIDEOSERVICE - 副本\DEPS\LOG4CPLUS\LOG4CPLUS-1.1.3\MSVC10\DEBUG\OBJECTREGISTRY.OBJ
E:\CODE\C++\OPENCV\VIDEOSERVICE - 副本\DEPS\LOG4CPLUS\LOG4CPLUS-1.1.3\MSVC10\DEBUG\APPENDER.OBJ
E:\CODE\C++\OPENCV\VIDEOSERVICE - 副本\DEPS\LOG4CPLUS\LOG4CPLUS-1.1.3\MSVC10\DEBUG\CLOGGER.OBJ
E:\CODE\C++\OPENCV\VIDEOSERVICE - 副本\DEPS\LOG4CPLUS\LOG4CPLUS-1.1.3\MSVC10\DEBUG\CONFIGURATOR.OBJ
E:\CODE\C++\OPENCV\VIDEOSERVICE - 副本\DEPS\LOG4CPLUS\LOG4CPLUS-1.1.3\MSVC10\DEBUG\FILEINFO.OBJ
E:\CODE\C++\OPENCV\VIDEOSERVICE - 副本\DEPS\LOG4CPLUS\LOG4CPLUS-1.1.3\MSVC10\DEBUG\GLOBAL-INIT.OBJ
E:\CODE\C++\OPENCV\VIDEOSERVICE - 副本\DEPS\LOG4CPLUS\LOG4CPLUS-1.1.3\MSVC10\DEBUG\HIERARCHY.OBJ
E:\CODE\C++\OPENCV\VIDEOSERVICE - 副本\DEPS\LOG4CPLUS\LOG4CPLUS-1.1.3\MSVC10\DEBUG\HIERARCHYLOCKER.OBJ
E:\CODE\C++\OPENCV\VIDEOSERVICE - 副本\DEPS\LOG4CPLUS\LOG4CPLUS-1.1.3\MSVC10\DEBUG\LAYOUT.OBJ
E:\CODE\C++\OPENCV\VIDEOSERVICE - 副本\DEPS\LOG4CPLUS\LOG4CPLUS-1.1.3\MSVC10\DEBUG\LOCKFILE.OBJ
E:\CODE\C++\OPENCV\VIDEOSERVICE - 副本\DEPS\LOG4CPLUS\LOG4CPLUS-1.1.3\MSVC10\DEBUG\LOG4JUDPAPPENDER.OBJ
E:\CODE\C++\OPENCV\VIDEOSERVICE - 副本\DEPS\LOG4CPLUS\LOG4CPLUS-1.1.3\MSVC10\DEBUG\LOGGER.OBJ
E:\CODE\C++\OPENCV\VIDEOSERVICE - 副本\DEPS\LOG4CPLUS\LOG4CPLUS-1.1.3\MSVC10\DEBUG\LOGGINGEVENT.OBJ
E:\CODE\C++\OPENCV\VIDEOSERVICE - 副本\INSTALL\LIB\LOG4CPLUSD.C.PDB
E:\CODE\C++\OPENCV\VIDEOSERVICE - 副本\INSTALL\LIB\LOG4CPLUSD.DLL
E:\CODE\C++\OPENCV\VIDEOSERVICE - 副本\INSTALL\LIB\LOG4CPLUSD.PDB
E:\code\C++\openCV\VideoService - 副本\install\lib\log4cplusD.lib
E:\code\C++\openCV\VideoService - 副本\install\lib\log4cplusD.exp
E:\code\C++\openCV\VideoService - 副本\deps\log4cplus\log4cplus-1.1.3\msvc10\Debug\appender.obj
E:\code\C++\openCV\VideoService - 副本\deps\log4cplus\log4cplus-1.1.3\msvc10\Debug\appenderattachableimpl.obj
E:\code\C++\openCV\VideoService - 副本\deps\log4cplus\log4cplus-1.1.3\msvc10\Debug\asyncappender.obj
E:\code\C++\openCV\VideoService - 副本\deps\log4cplus\log4cplus-1.1.3\msvc10\Debug\clogger.obj
E:\code\C++\openCV\VideoService - 副本\deps\log4cplus\log4cplus-1.1.3\msvc10\Debug\configurator.obj
E:\code\C++\openCV\VideoService - 副本\deps\log4cplus\log4cplus-1.1.3\msvc10\Debug\consoleappender.obj
E:\code\C++\openCV\VideoService - 副本\deps\log4cplus\log4cplus-1.1.3\msvc10\Debug\env.obj
E:\code\C++\openCV\VideoService - 副本\deps\log4cplus\log4cplus-1.1.3\msvc10\Debug\factory.obj
E:\code\C++\openCV\VideoService - 副本\deps\log4cplus\log4cplus-1.1.3\msvc10\Debug\fileappender.obj
E:\code\C++\openCV\VideoService - 副本\deps\log4cplus\log4cplus-1.1.3\msvc10\Debug\fileinfo.obj
E:\code\C++\openCV\VideoService - 副本\deps\log4cplus\log4cplus-1.1.3\msvc10\Debug\filter.obj
E:\code\C++\openCV\VideoService - 副本\deps\log4cplus\log4cplus-1.1.3\msvc10\Debug\global-init.obj
E:\code\C++\openCV\VideoService - 副本\deps\log4cplus\log4cplus-1.1.3\msvc10\Debug\hierarchy.obj
E:\code\C++\openCV\VideoService - 副本\deps\log4cplus\log4cplus-1.1.3\msvc10\Debug\hierarchylocker.obj
E:\code\C++\openCV\VideoService - 副本\deps\log4cplus\log4cplus-1.1.3\msvc10\Debug\layout.obj
E:\code\C++\openCV\VideoService - 副本\deps\log4cplus\log4cplus-1.1.3\msvc10\Debug\lockfile.obj
E:\code\C++\openCV\VideoService - 副本\deps\log4cplus\log4cplus-1.1.3\msvc10\Debug\log4judpappender.obj
E:\code\C++\openCV\VideoService - 副本\deps\log4cplus\log4cplus-1.1.3\msvc10\Debug\logger.obj
E:\code\C++\openCV\VideoService - 副本\deps\log4cplus\log4cplus-1.1.3\msvc10\Debug\loggerimpl.obj
E:\code\C++\openCV\VideoService - 副本\deps\log4cplus\log4cplus-1.1.3\msvc10\Debug\loggingevent.obj
E:\code\C++\openCV\VideoService - 副本\deps\log4cplus\log4cplus-1.1.3\msvc10\Debug\loggingmacros.obj
E:\code\C++\openCV\VideoService - 副本\deps\log4cplus\log4cplus-1.1.3\msvc10\Debug\loglevel.obj
E:\code\C++\openCV\VideoService - 副本\deps\log4cplus\log4cplus-1.1.3\msvc10\Debug\loglog.obj
E:\code\C++\openCV\VideoService - 副本\deps\log4cplus\log4cplus-1.1.3\msvc10\Debug\logloguser.obj
E:\code\C++\openCV\VideoService - 副本\deps\log4cplus\log4cplus-1.1.3\msvc10\Debug\mdc.obj
E:\code\C++\openCV\VideoService - 副本\deps\log4cplus\log4cplus-1.1.3\msvc10\Debug\ndc.obj
E:\code\C++\openCV\VideoService - 副本\deps\log4cplus\log4cplus-1.1.3\msvc10\Debug\nteventlogappender.obj
E:\code\C++\openCV\VideoService - 副本\deps\log4cplus\log4cplus-1.1.3\msvc10\Debug\nullappender.obj
E:\code\C++\openCV\VideoService - 副本\deps\log4cplus\log4cplus-1.1.3\msvc10\Debug\objectregistry.obj
E:\code\C++\openCV\VideoService - 副本\deps\log4cplus\log4cplus-1.1.3\msvc10\Debug\patternlayout.obj
E:\code\C++\openCV\VideoService - 副本\deps\log4cplus\log4cplus-1.1.3\msvc10\Debug\pointer.obj
E:\code\C++\openCV\VideoService - 副本\deps\log4cplus\log4cplus-1.1.3\msvc10\Debug\property.obj
E:\code\C++\openCV\VideoService - 副本\deps\log4cplus\log4cplus-1.1.3\msvc10\Debug\queue.obj
E:\code\C++\openCV\VideoService - 副本\deps\log4cplus\log4cplus-1.1.3\msvc10\Debug\rootlogger.obj
E:\code\C++\openCV\VideoService - 副本\deps\log4cplus\log4cplus-1.1.3\msvc10\Debug\sleep.obj
E:\code\C++\openCV\VideoService - 副本\deps\log4cplus\log4cplus-1.1.3\msvc10\Debug\snprintf.obj
E:\code\C++\openCV\VideoService - 副本\deps\log4cplus\log4cplus-1.1.3\msvc10\Debug\socket-win32.obj
E:\code\C++\openCV\VideoService - 副本\deps\log4cplus\log4cplus-1.1.3\msvc10\Debug\socket.obj
E:\code\C++\openCV\VideoService - 副本\deps\log4cplus\log4cplus-1.1.3\msvc10\Debug\socketappender.obj
E:\code\C++\openCV\VideoService - 副本\deps\log4cplus\log4cplus-1.1.3\msvc10\Debug\socketbuffer.obj
E:\code\C++\openCV\VideoService - 副本\deps\log4cplus\log4cplus-1.1.3\msvc10\Debug\stringhelper-clocale.obj
E:\code\C++\openCV\VideoService - 副本\deps\log4cplus\log4cplus-1.1.3\msvc10\Debug\stringhelper-cxxlocale.obj
E:\code\C++\openCV\VideoService - 副本\deps\log4cplus\log4cplus-1.1.3\msvc10\Debug\stringhelper-iconv.obj
E:\code\C++\openCV\VideoService - 副本\deps\log4cplus\log4cplus-1.1.3\msvc10\Debug\stringhelper.obj
E:\code\C++\openCV\VideoService - 副本\deps\log4cplus\log4cplus-1.1.3\msvc10\Debug\syncprims.obj
E:\code\C++\openCV\VideoService - 副本\deps\log4cplus\log4cplus-1.1.3\msvc10\Debug\syslogappender.obj
E:\code\C++\openCV\VideoService - 副本\deps\log4cplus\log4cplus-1.1.3\msvc10\Debug\threads.obj
E:\code\C++\openCV\VideoService - 副本\deps\log4cplus\log4cplus-1.1.3\msvc10\Debug\timehelper.obj
E:\code\C++\openCV\VideoService - 副本\deps\log4cplus\log4cplus-1.1.3\msvc10\Debug\tls.obj
E:\code\C++\openCV\VideoService - 副本\deps\log4cplus\log4cplus-1.1.3\msvc10\Debug\version.obj
E:\code\C++\openCV\VideoService - 副本\deps\log4cplus\log4cplus-1.1.3\msvc10\Debug\win32consoleappender.obj
E:\code\C++\openCV\VideoService - 副本\deps\log4cplus\log4cplus-1.1.3\msvc10\Debug\win32debugappender.obj
E:\code\C++\openCV\VideoService - 副本\deps\log4cplus\log4cplus-1.1.3\msvc10\Debug\cl.command.1.tlog
E:\code\C++\openCV\VideoService - 副本\deps\log4cplus\log4cplus-1.1.3\msvc10\Debug\CL.read.1.tlog
E:\code\C++\openCV\VideoService - 副本\deps\log4cplus\log4cplus-1.1.3\msvc10\Debug\CL.write.1.tlog
E:\code\C++\openCV\VideoService - 副本\deps\log4cplus\log4cplus-1.1.3\msvc10\Debug\link-cvtres.read.1.tlog
E:\code\C++\openCV\VideoService - 副本\deps\log4cplus\log4cplus-1.1.3\msvc10\Debug\link-cvtres.write.1.tlog
E:\code\C++\openCV\VideoService - 副本\deps\log4cplus\log4cplus-1.1.3\msvc10\Debug\link-rc.read.1.tlog
E:\code\C++\openCV\VideoService - 副本\deps\log4cplus\log4cplus-1.1.3\msvc10\Debug\link-rc.write.1.tlog
E:\code\C++\openCV\VideoService - 副本\deps\log4cplus\log4cplus-1.1.3\msvc10\Debug\link.command.1.tlog
E:\code\C++\openCV\VideoService - 副本\deps\log4cplus\log4cplus-1.1.3\msvc10\Debug\link.read.1.tlog
E:\code\C++\openCV\VideoService - 副本\deps\log4cplus\log4cplus-1.1.3\msvc10\Debug\link.write.1.tlog
E:\code\C++\openCV\VideoService - 副本\deps\log4cplus\log4cplus-1.1.3\msvc10\Debug\log4cplus.write.1.tlog
E:\code\C++\openCV\VideoService - 副本\install\lib\log4cplusD.pdb
E:\code\C++\openCV\VideoService - 副本\install\lib\log4cplusD.dll
