生成启动时间为 2014/12/2 15:18:33。
     1>项目“E:\code\C++\openCV\VideoService - 副本\deps\log4cplus\log4cplus-1.1.3\msvc10\log4cplus.vcxproj”在节点 2 上(Rebuild 个目标)。
     1>ClCompile:
         F:\Program Files (x86)\Microsoft Visual Studio 11.0\VC\bin\CL.exe /c /I..\include /Zi /nologo /W3 /WX- /O2 /Ob2 /Oi /Ot /Oy /GL /D LOG4CPLUS_BUILD_DLL /D NDEBUG /D _SECURE_SCL=0 /D _HAS_ITERATOR_DEBUGGING=0 /D WIN32 /D _WIN32_WINNT=0x0501 /D WINVER=0x0501 /D INSIDE_LOG4CPLUS /D _SCL_SECURE_NO_DEPRECATE /D _CRT_SECURE_NO_DEPRECATE /D _CRT_SECURE_NO_WARNINGS /D _USING_V110_SDK71_ /D _WINDLL /D _MBCS /GF /Gm- /EHsc /MT /GS- /Gy /fp:precise /Zc:wchar_t /Zc:forScope /Fo"Release\\" /Fd"E:\code\C++\openCV\VideoService - 副本\install\lib\log4cplus.c.pdb" /Gd /TP /analyze- /errorReport:prompt ..\src\appender.cxx ..\src\clogger.cxx ..\src\configurator.cxx ..\src\fileinfo.cxx "..\src\global-init.cxx" ..\src\hierarchy.cxx ..\src\hierarchylocker.cxx ..\src\layout.cxx ..\src\lockfile.cxx ..\src\log4judpappender.cxx ..\src\logger.cxx ..\src\loggingevent.cxx ..\src\loggingmacros.cxx ..\src\mdc.cxx ..\src\ndc.cxx ..\src\patternlayout.cxx ..\src\version.cxx ..\src\asyncappender.cxx ..\src\consoleappender.cxx ..\src\fileappender.cxx ..\src\nteventlogappender.cxx ..\src\nullappender.cxx ..\src\socketappender.cxx ..\src\syslogappender.cxx ..\src\win32consoleappender.cxx ..\src\win32debugappender.cxx ..\src\env.cxx ..\src\factory.cxx ..\src\filter.cxx ..\src\loggerimpl.cxx ..\src\loglevel.cxx ..\src\objectregistry.cxx ..\src\rootlogger.cxx ..\src\syncprims.cxx ..\src\threads.cxx ..\src\tls.cxx ..\src\appenderattachableimpl.cxx ..\src\loglog.cxx ..\src\logloguser.cxx ..\src\pointer.cxx ..\src\property.cxx ..\src\queue.cxx ..\src\sleep.cxx ..\src\snprintf.cxx "..\src\socket-win32.cxx" ..\src\socket.cxx ..\src\socketbuffer.cxx "..\src\stringhelper-clocale.cxx" "..\src\stringhelper-cxxlocale.cxx" "..\src\stringhelper-iconv.cxx" ..\src\stringhelper.cxx ..\src\timehelper.cxx
         appender.cxx
         clogger.cxx
         configurator.cxx
         fileinfo.cxx
         global-init.cxx
         hierarchy.cxx
         hierarchylocker.cxx
         layout.cxx
         lockfile.cxx
         log4judpappender.cxx
         logger.cxx
         loggingevent.cxx
         loggingmacros.cxx
         mdc.cxx
         ndc.cxx
         patternlayout.cxx
         version.cxx
         asyncappender.cxx
         consoleappender.cxx
         fileappender.cxx
         正在编译...
         nteventlogappender.cxx
         nullappender.cxx
         socketappender.cxx
         syslogappender.cxx
         win32consoleappender.cxx
         win32debugappender.cxx
         env.cxx
         factory.cxx
         filter.cxx
         loggerimpl.cxx
         loglevel.cxx
         objectregistry.cxx
         rootlogger.cxx
         syncprims.cxx
         threads.cxx
         tls.cxx
         appenderattachableimpl.cxx
         loglog.cxx
         logloguser.cxx
         pointer.cxx
         正在编译...
         property.cxx
         queue.cxx
         sleep.cxx
         snprintf.cxx
         socket-win32.cxx
         socket.cxx
         socketbuffer.cxx
         stringhelper-clocale.cxx
         stringhelper-cxxlocale.cxx
         stringhelper-iconv.cxx
         stringhelper.cxx
         timehelper.cxx
       Link:
         F:\Program Files (x86)\Microsoft Visual Studio 11.0\VC\bin\link.exe /ERRORREPORT:PROMPT /OUT:"E:\code\C++\openCV\VideoService - 副本\install\lib\log4cplus.dll" /INCREMENTAL:NO /NOLOGO ws2_32.lib kernel32.lib user32.lib gdi32.lib winspool.lib comdlg32.lib advapi32.lib shell32.lib ole32.lib oleaut32.lib uuid.lib odbc32.lib odbccp32.lib /MANIFEST /MANIFESTUAC:"level='asInvoker' uiAccess='false'" /manifest:embed /DEBUG /PDB:"E:\code\C++\openCV\VideoService - 副本\install\lib\log4cplus.pdb" /OPT:REF /OPT:NOICF /LTCG /TLBID:1 /DYNAMICBASE /NXCOMPAT /IMPLIB:"E:\code\C++\openCV\VideoService - 副本\install\lib\log4cplus.lib" /MACHINE:X86 /SAFESEH /DLL Release\appender.obj
         Release\clogger.obj
         Release\configurator.obj
         Release\fileinfo.obj
         "Release\global-init.obj"
         Release\hierarchy.obj
         Release\hierarchylocker.obj
         Release\layout.obj
         Release\lockfile.obj
         Release\log4judpappender.obj
         Release\logger.obj
         Release\loggingevent.obj
         Release\loggingmacros.obj
         Release\mdc.obj
         Release\ndc.obj
         Release\patternlayout.obj
         Release\version.obj
         Release\asyncappender.obj
         Release\consoleappender.obj
         Release\fileappender.obj
         Release\nteventlogappender.obj
         Release\nullappender.obj
         Release\socketappender.obj
         Release\syslogappender.obj
         Release\win32consoleappender.obj
         Release\win32debugappender.obj
         Release\env.obj
         Release\factory.obj
         Release\filter.obj
         Release\loggerimpl.obj
         Release\loglevel.obj
         Release\objectregistry.obj
         Release\rootlogger.obj
         Release\syncprims.obj
         Release\threads.obj
         Release\tls.obj
         Release\appenderattachableimpl.obj
         Release\loglog.obj
         Release\logloguser.obj
         Release\pointer.obj
         Release\property.obj
         Release\queue.obj
         Release\sleep.obj
         Release\snprintf.obj
         "Release\socket-win32.obj"
         Release\socket.obj
         Release\socketbuffer.obj
         "Release\stringhelper-clocale.obj"
         "Release\stringhelper-cxxlocale.obj"
         "Release\stringhelper-iconv.obj"
         Release\stringhelper.obj
         Release\timehelper.obj
            正在创建库 E:\code\C++\openCV\VideoService - 副本\install\lib\log4cplus.lib 和对象 E:\code\C++\openCV\VideoService - 副本\install\lib\log4cplus.exp
         正在生成代码
         已完成代码的生成
         log4cplus.vcxproj -> E:\code\C++\openCV\VideoService - 副本\install\lib\log4cplus.dll
     1>已完成生成项目“E:\code\C++\openCV\VideoService - 副本\deps\log4cplus\log4cplus-1.1.3\msvc10\log4cplus.vcxproj”(Rebuild 个目标)的操作。

生成成功。

已用时间 00:01:02.29
