E:\CODE\C++\OPENCV\VIDEOSERVICE - 副本\DEPS\LOG4CPLUS\LOG4CPLUS-1.1.3\MSVC10\RELEASE\FILEAPPENDER.OBJ
E:\CODE\C++\OPENCV\VIDEOSERVICE - 副本\DEPS\LOG4CPLUS\LOG4CPLUS-1.1.3\MSVC10\RELEASE\CONSOLEAPPENDER.OBJ
E:\CODE\C++\OPENCV\VIDEOSERVICE - 副本\DEPS\LOG4CPLUS\LOG4CPLUS-1.1.3\MSVC10\RELEASE\ASYNCAPPENDER.OBJ
E:\CODE\C++\OPENCV\VIDEOSERVICE - 副本\DEPS\LOG4CPLUS\LOG4CPLUS-1.1.3\MSVC10\RELEASE\VERSION.OBJ
E:\CODE\C++\OPENCV\VIDEOSERVICE - 副本\DEPS\LOG4CPLUS\LOG4CPLUS-1.1.3\MSVC10\RELEASE\PATTERNLAYOUT.OBJ
E:\CODE\C++\OPENCV\VIDEOSERVICE - 副本\DEPS\LOG4CPLUS\LOG4CPLUS-1.1.3\MSVC10\RELEASE\NDC.OBJ
E:\CODE\C++\OPENCV\VIDEOSERVICE - 副本\DEPS\LOG4CPLUS\LOG4CPLUS-1.1.3\MSVC10\RELEASE\MDC.OBJ
E:\CODE\C++\OPENCV\VIDEOSERVICE - 副本\DEPS\LOG4CPLUS\LOG4CPLUS-1.1.3\MSVC10\RELEASE\LOGGINGMACROS.OBJ
E:\CODE\C++\OPENCV\VIDEOSERVICE - 副本\DEPS\LOG4CPLUS\LOG4CPLUS-1.1.3\MSVC10\RELEASE\LOGGINGEVENT.OBJ
E:\CODE\C++\OPENCV\VIDEOSERVICE - 副本\DEPS\LOG4CPLUS\LOG4CPLUS-1.1.3\MSVC10\RELEASE\LOGGER.OBJ
E:\CODE\C++\OPENCV\VIDEOSERVICE - 副本\DEPS\LOG4CPLUS\LOG4CPLUS-1.1.3\MSVC10\RELEASE\LOG4JUDPAPPENDER.OBJ
E:\CODE\C++\OPENCV\VIDEOSERVICE - 副本\DEPS\LOG4CPLUS\LOG4CPLUS-1.1.3\MSVC10\RELEASE\LOCKFILE.OBJ
E:\CODE\C++\OPENCV\VIDEOSERVICE - 副本\DEPS\LOG4CPLUS\LOG4CPLUS-1.1.3\MSVC10\RELEASE\LAYOUT.OBJ
E:\CODE\C++\OPENCV\VIDEOSERVICE - 副本\DEPS\LOG4CPLUS\LOG4CPLUS-1.1.3\MSVC10\RELEASE\HIERARCHYLOCKER.OBJ
E:\CODE\C++\OPENCV\VIDEOSERVICE - 副本\DEPS\LOG4CPLUS\LOG4CPLUS-1.1.3\MSVC10\RELEASE\HIERARCHY.OBJ
E:\CODE\C++\OPENCV\VIDEOSERVICE - 副本\DEPS\LOG4CPLUS\LOG4CPLUS-1.1.3\MSVC10\RELEASE\GLOBAL-INIT.OBJ
E:\CODE\C++\OPENCV\VIDEOSERVICE - 副本\DEPS\LOG4CPLUS\LOG4CPLUS-1.1.3\MSVC10\RELEASE\FILEINFO.OBJ
E:\CODE\C++\OPENCV\VIDEOSERVICE - 副本\DEPS\LOG4CPLUS\LOG4CPLUS-1.1.3\MSVC10\RELEASE\CONFIGURATOR.OBJ
E:\CODE\C++\OPENCV\VIDEOSERVICE - 副本\DEPS\LOG4CPLUS\LOG4CPLUS-1.1.3\MSVC10\RELEASE\CLOGGER.OBJ
E:\CODE\C++\OPENCV\VIDEOSERVICE - 副本\DEPS\LOG4CPLUS\LOG4CPLUS-1.1.3\MSVC10\RELEASE\APPENDER.OBJ
E:\CODE\C++\OPENCV\VIDEOSERVICE - 副本\DEPS\LOG4CPLUS\LOG4CPLUS-1.1.3\MSVC10\RELEASE\POINTER.OBJ
E:\CODE\C++\OPENCV\VIDEOSERVICE - 副本\DEPS\LOG4CPLUS\LOG4CPLUS-1.1.3\MSVC10\RELEASE\LOGLOGUSER.OBJ
E:\CODE\C++\OPENCV\VIDEOSERVICE - 副本\DEPS\LOG4CPLUS\LOG4CPLUS-1.1.3\MSVC10\RELEASE\LOGLOG.OBJ
E:\CODE\C++\OPENCV\VIDEOSERVICE - 副本\DEPS\LOG4CPLUS\LOG4CPLUS-1.1.3\MSVC10\RELEASE\APPENDERATTACHABLEIMPL.OBJ
E:\CODE\C++\OPENCV\VIDEOSERVICE - 副本\DEPS\LOG4CPLUS\LOG4CPLUS-1.1.3\MSVC10\RELEASE\TLS.OBJ
E:\CODE\C++\OPENCV\VIDEOSERVICE - 副本\DEPS\LOG4CPLUS\LOG4CPLUS-1.1.3\MSVC10\RELEASE\THREADS.OBJ
E:\CODE\C++\OPENCV\VIDEOSERVICE - 副本\DEPS\LOG4CPLUS\LOG4CPLUS-1.1.3\MSVC10\RELEASE\SYNCPRIMS.OBJ
E:\CODE\C++\OPENCV\VIDEOSERVICE - 副本\DEPS\LOG4CPLUS\LOG4CPLUS-1.1.3\MSVC10\RELEASE\ROOTLOGGER.OBJ
E:\CODE\C++\OPENCV\VIDEOSERVICE - 副本\DEPS\LOG4CPLUS\LOG4CPLUS-1.1.3\MSVC10\RELEASE\OBJECTREGISTRY.OBJ
E:\CODE\C++\OPENCV\VIDEOSERVICE - 副本\DEPS\LOG4CPLUS\LOG4CPLUS-1.1.3\MSVC10\RELEASE\LOGLEVEL.OBJ
E:\CODE\C++\OPENCV\VIDEOSERVICE - 副本\DEPS\LOG4CPLUS\LOG4CPLUS-1.1.3\MSVC10\RELEASE\LOGGERIMPL.OBJ
E:\CODE\C++\OPENCV\VIDEOSERVICE - 副本\DEPS\LOG4CPLUS\LOG4CPLUS-1.1.3\MSVC10\RELEASE\FILTER.OBJ
E:\CODE\C++\OPENCV\VIDEOSERVICE - 副本\DEPS\LOG4CPLUS\LOG4CPLUS-1.1.3\MSVC10\RELEASE\FACTORY.OBJ
E:\CODE\C++\OPENCV\VIDEOSERVICE - 副本\DEPS\LOG4CPLUS\LOG4CPLUS-1.1.3\MSVC10\RELEASE\ENV.OBJ
E:\CODE\C++\OPENCV\VIDEOSERVICE - 副本\DEPS\LOG4CPLUS\LOG4CPLUS-1.1.3\MSVC10\RELEASE\WIN32DEBUGAPPENDER.OBJ
E:\CODE\C++\OPENCV\VIDEOSERVICE - 副本\DEPS\LOG4CPLUS\LOG4CPLUS-1.1.3\MSVC10\RELEASE\WIN32CONSOLEAPPENDER.OBJ
E:\CODE\C++\OPENCV\VIDEOSERVICE - 副本\DEPS\LOG4CPLUS\LOG4CPLUS-1.1.3\MSVC10\RELEASE\SYSLOGAPPENDER.OBJ
E:\CODE\C++\OPENCV\VIDEOSERVICE - 副本\DEPS\LOG4CPLUS\LOG4CPLUS-1.1.3\MSVC10\RELEASE\SOCKETAPPENDER.OBJ
E:\CODE\C++\OPENCV\VIDEOSERVICE - 副本\DEPS\LOG4CPLUS\LOG4CPLUS-1.1.3\MSVC10\RELEASE\NULLAPPENDER.OBJ
E:\CODE\C++\OPENCV\VIDEOSERVICE - 副本\DEPS\LOG4CPLUS\LOG4CPLUS-1.1.3\MSVC10\RELEASE\NTEVENTLOGAPPENDER.OBJ
E:\CODE\C++\OPENCV\VIDEOSERVICE - 副本\DEPS\LOG4CPLUS\LOG4CPLUS-1.1.3\MSVC10\RELEASE\TIMEHELPER.OBJ
E:\CODE\C++\OPENCV\VIDEOSERVICE - 副本\DEPS\LOG4CPLUS\LOG4CPLUS-1.1.3\MSVC10\RELEASE\STRINGHELPER.OBJ
E:\CODE\C++\OPENCV\VIDEOSERVICE - 副本\DEPS\LOG4CPLUS\LOG4CPLUS-1.1.3\MSVC10\RELEASE\STRINGHELPER-ICONV.OBJ
E:\CODE\C++\OPENCV\VIDEOSERVICE - 副本\DEPS\LOG4CPLUS\LOG4CPLUS-1.1.3\MSVC10\RELEASE\STRINGHELPER-CXXLOCALE.OBJ
E:\CODE\C++\OPENCV\VIDEOSERVICE - 副本\DEPS\LOG4CPLUS\LOG4CPLUS-1.1.3\MSVC10\RELEASE\STRINGHELPER-CLOCALE.OBJ
E:\CODE\C++\OPENCV\VIDEOSERVICE - 副本\DEPS\LOG4CPLUS\LOG4CPLUS-1.1.3\MSVC10\RELEASE\SOCKETBUFFER.OBJ
E:\CODE\C++\OPENCV\VIDEOSERVICE - 副本\DEPS\LOG4CPLUS\LOG4CPLUS-1.1.3\MSVC10\RELEASE\SOCKET.OBJ
E:\CODE\C++\OPENCV\VIDEOSERVICE - 副本\DEPS\LOG4CPLUS\LOG4CPLUS-1.1.3\MSVC10\RELEASE\SOCKET-WIN32.OBJ
E:\CODE\C++\OPENCV\VIDEOSERVICE - 副本\DEPS\LOG4CPLUS\LOG4CPLUS-1.1.3\MSVC10\RELEASE\SNPRINTF.OBJ
E:\CODE\C++\OPENCV\VIDEOSERVICE - 副本\DEPS\LOG4CPLUS\LOG4CPLUS-1.1.3\MSVC10\RELEASE\SLEEP.OBJ
E:\CODE\C++\OPENCV\VIDEOSERVICE - 副本\DEPS\LOG4CPLUS\LOG4CPLUS-1.1.3\MSVC10\RELEASE\QUEUE.OBJ
E:\CODE\C++\OPENCV\VIDEOSERVICE - 副本\DEPS\LOG4CPLUS\LOG4CPLUS-1.1.3\MSVC10\RELEASE\PROPERTY.OBJ
E:\CODE\C++\OPENCV\VIDEOSERVICE - 副本\INSTALL\LIB\LOG4CPLUS.C.PDB
E:\CODE\C++\OPENCV\VIDEOSERVICE - 副本\INSTALL\LIB\LOG4CPLUS.DLL
E:\CODE\C++\OPENCV\VIDEOSERVICE - 副本\INSTALL\LIB\LOG4CPLUS.PDB
E:\code\C++\openCV\VideoService - 副本\install\lib\log4cplus.lib
E:\code\C++\openCV\VideoService - 副本\install\lib\log4cplus.exp
E:\code\C++\openCV\VideoService - 副本\deps\log4cplus\log4cplus-1.1.3\msvc10\Release\appender.obj
E:\code\C++\openCV\VideoService - 副本\deps\log4cplus\log4cplus-1.1.3\msvc10\Release\appenderattachableimpl.obj
E:\code\C++\openCV\VideoService - 副本\deps\log4cplus\log4cplus-1.1.3\msvc10\Release\asyncappender.obj
E:\code\C++\openCV\VideoService - 副本\deps\log4cplus\log4cplus-1.1.3\msvc10\Release\clogger.obj
E:\code\C++\openCV\VideoService - 副本\deps\log4cplus\log4cplus-1.1.3\msvc10\Release\configurator.obj
E:\code\C++\openCV\VideoService - 副本\deps\log4cplus\log4cplus-1.1.3\msvc10\Release\consoleappender.obj
E:\code\C++\openCV\VideoService - 副本\deps\log4cplus\log4cplus-1.1.3\msvc10\Release\env.obj
E:\code\C++\openCV\VideoService - 副本\deps\log4cplus\log4cplus-1.1.3\msvc10\Release\factory.obj
E:\code\C++\openCV\VideoService - 副本\deps\log4cplus\log4cplus-1.1.3\msvc10\Release\fileappender.obj
E:\code\C++\openCV\VideoService - 副本\deps\log4cplus\log4cplus-1.1.3\msvc10\Release\fileinfo.obj
E:\code\C++\openCV\VideoService - 副本\deps\log4cplus\log4cplus-1.1.3\msvc10\Release\filter.obj
E:\code\C++\openCV\VideoService - 副本\deps\log4cplus\log4cplus-1.1.3\msvc10\Release\global-init.obj
E:\code\C++\openCV\VideoService - 副本\deps\log4cplus\log4cplus-1.1.3\msvc10\Release\hierarchy.obj
E:\code\C++\openCV\VideoService - 副本\deps\log4cplus\log4cplus-1.1.3\msvc10\Release\hierarchylocker.obj
E:\code\C++\openCV\VideoService - 副本\deps\log4cplus\log4cplus-1.1.3\msvc10\Release\layout.obj
E:\code\C++\openCV\VideoService - 副本\deps\log4cplus\log4cplus-1.1.3\msvc10\Release\lockfile.obj
E:\code\C++\openCV\VideoService - 副本\deps\log4cplus\log4cplus-1.1.3\msvc10\Release\log4judpappender.obj
E:\code\C++\openCV\VideoService - 副本\deps\log4cplus\log4cplus-1.1.3\msvc10\Release\logger.obj
E:\code\C++\openCV\VideoService - 副本\deps\log4cplus\log4cplus-1.1.3\msvc10\Release\loggerimpl.obj
E:\code\C++\openCV\VideoService - 副本\deps\log4cplus\log4cplus-1.1.3\msvc10\Release\loggingevent.obj
E:\code\C++\openCV\VideoService - 副本\deps\log4cplus\log4cplus-1.1.3\msvc10\Release\loggingmacros.obj
E:\code\C++\openCV\VideoService - 副本\deps\log4cplus\log4cplus-1.1.3\msvc10\Release\loglevel.obj
E:\code\C++\openCV\VideoService - 副本\deps\log4cplus\log4cplus-1.1.3\msvc10\Release\loglog.obj
E:\code\C++\openCV\VideoService - 副本\deps\log4cplus\log4cplus-1.1.3\msvc10\Release\logloguser.obj
E:\code\C++\openCV\VideoService - 副本\deps\log4cplus\log4cplus-1.1.3\msvc10\Release\mdc.obj
E:\code\C++\openCV\VideoService - 副本\deps\log4cplus\log4cplus-1.1.3\msvc10\Release\ndc.obj
E:\code\C++\openCV\VideoService - 副本\deps\log4cplus\log4cplus-1.1.3\msvc10\Release\nteventlogappender.obj
E:\code\C++\openCV\VideoService - 副本\deps\log4cplus\log4cplus-1.1.3\msvc10\Release\nullappender.obj
E:\code\C++\openCV\VideoService - 副本\deps\log4cplus\log4cplus-1.1.3\msvc10\Release\objectregistry.obj
E:\code\C++\openCV\VideoService - 副本\deps\log4cplus\log4cplus-1.1.3\msvc10\Release\patternlayout.obj
E:\code\C++\openCV\VideoService - 副本\deps\log4cplus\log4cplus-1.1.3\msvc10\Release\pointer.obj
E:\code\C++\openCV\VideoService - 副本\deps\log4cplus\log4cplus-1.1.3\msvc10\Release\property.obj
E:\code\C++\openCV\VideoService - 副本\deps\log4cplus\log4cplus-1.1.3\msvc10\Release\queue.obj
E:\code\C++\openCV\VideoService - 副本\deps\log4cplus\log4cplus-1.1.3\msvc10\Release\rootlogger.obj
E:\code\C++\openCV\VideoService - 副本\deps\log4cplus\log4cplus-1.1.3\msvc10\Release\sleep.obj
E:\code\C++\openCV\VideoService - 副本\deps\log4cplus\log4cplus-1.1.3\msvc10\Release\snprintf.obj
E:\code\C++\openCV\VideoService - 副本\deps\log4cplus\log4cplus-1.1.3\msvc10\Release\socket-win32.obj
E:\code\C++\openCV\VideoService - 副本\deps\log4cplus\log4cplus-1.1.3\msvc10\Release\socket.obj
E:\code\C++\openCV\VideoService - 副本\deps\log4cplus\log4cplus-1.1.3\msvc10\Release\socketappender.obj
E:\code\C++\openCV\VideoService - 副本\deps\log4cplus\log4cplus-1.1.3\msvc10\Release\socketbuffer.obj
E:\code\C++\openCV\VideoService - 副本\deps\log4cplus\log4cplus-1.1.3\msvc10\Release\stringhelper-clocale.obj
E:\code\C++\openCV\VideoService - 副本\deps\log4cplus\log4cplus-1.1.3\msvc10\Release\stringhelper-cxxlocale.obj
E:\code\C++\openCV\VideoService - 副本\deps\log4cplus\log4cplus-1.1.3\msvc10\Release\stringhelper-iconv.obj
E:\code\C++\openCV\VideoService - 副本\deps\log4cplus\log4cplus-1.1.3\msvc10\Release\stringhelper.obj
E:\code\C++\openCV\VideoService - 副本\deps\log4cplus\log4cplus-1.1.3\msvc10\Release\syncprims.obj
E:\code\C++\openCV\VideoService - 副本\deps\log4cplus\log4cplus-1.1.3\msvc10\Release\syslogappender.obj
E:\code\C++\openCV\VideoService - 副本\deps\log4cplus\log4cplus-1.1.3\msvc10\Release\threads.obj
E:\code\C++\openCV\VideoService - 副本\deps\log4cplus\log4cplus-1.1.3\msvc10\Release\timehelper.obj
E:\code\C++\openCV\VideoService - 副本\deps\log4cplus\log4cplus-1.1.3\msvc10\Release\tls.obj
E:\code\C++\openCV\VideoService - 副本\deps\log4cplus\log4cplus-1.1.3\msvc10\Release\version.obj
E:\code\C++\openCV\VideoService - 副本\deps\log4cplus\log4cplus-1.1.3\msvc10\Release\win32consoleappender.obj
E:\code\C++\openCV\VideoService - 副本\deps\log4cplus\log4cplus-1.1.3\msvc10\Release\win32debugappender.obj
E:\code\C++\openCV\VideoService - 副本\deps\log4cplus\log4cplus-1.1.3\msvc10\Release\cl.command.1.tlog
E:\code\C++\openCV\VideoService - 副本\deps\log4cplus\log4cplus-1.1.3\msvc10\Release\CL.read.1.tlog
E:\code\C++\openCV\VideoService - 副本\deps\log4cplus\log4cplus-1.1.3\msvc10\Release\CL.write.1.tlog
E:\code\C++\openCV\VideoService - 副本\deps\log4cplus\log4cplus-1.1.3\msvc10\Release\link-cvtres.read.1.tlog
E:\code\C++\openCV\VideoService - 副本\deps\log4cplus\log4cplus-1.1.3\msvc10\Release\link-cvtres.write.1.tlog
E:\code\C++\openCV\VideoService - 副本\deps\log4cplus\log4cplus-1.1.3\msvc10\Release\link-rc.read.1.tlog
E:\code\C++\openCV\VideoService - 副本\deps\log4cplus\log4cplus-1.1.3\msvc10\Release\link-rc.write.1.tlog
E:\code\C++\openCV\VideoService - 副本\deps\log4cplus\log4cplus-1.1.3\msvc10\Release\link.command.1.tlog
E:\code\C++\openCV\VideoService - 副本\deps\log4cplus\log4cplus-1.1.3\msvc10\Release\link.read.1.tlog
E:\code\C++\openCV\VideoService - 副本\deps\log4cplus\log4cplus-1.1.3\msvc10\Release\link.write.1.tlog
E:\code\C++\openCV\VideoService - 副本\deps\log4cplus\log4cplus-1.1.3\msvc10\Release\log4cplus.write.1.tlog
E:\code\C++\openCV\VideoService - 副本\install\lib\log4cplus.pdb
E:\code\C++\openCV\VideoService - 副本\install\lib\log4cplus.dll
